<test-run id="2" testcasecount="2" result="Passed" start-time="2024-03-18 12:51:20.064561" end-time="2024-03-18 12:51:20.100736" duration="0" total="2" passed="2" failed="0" inconclusive="0" skipped="0" asserts="0" clr-version="3.11.0 (main, Oct 24 2022, 18:26:48) [MSC v.1933 64 bit (AMD64)]" engine-version="3.6.2"><command-line>C:\Users\frecon\AppData\Local\Programs\Python\Python311\Scripts\pytest</command-line><filter /><test-suite id="todo_app/tests/test_view_model.py" name="todo_app/tests/test_view_model.py" fullname="todo_app/tests/test_view_model.py" methodname="" classname="" runstate="Runnable" type="Assembly" testcasecount="2" result="Passed" label="" start-time="2024-03-18 12:51:20.097736" end-time="2024-03-18 12:51:20.099736" duration="0.002" asserts="0" total="2" passed="2" failed="0" warnings="0" inconclusive="0" skipped="0"><properties><property name="python_version" value="3.11.0 (main, Oct 24 2022, 18:26:48) [MSC v.1933 64 bit (AMD64)]" /></properties><test-case id="100" name="todo_app/tests/test_view_model.py::test_view_model_done_property" fullname="todo_app/tests/test_view_model.py::test_view_model_done_property" methodname="test_view_model_done_property" classname="todo_app/tests/test_view_model.py" runstate="Runnable" seed="1" result="Passed" label="" start-time="2024-03-18 12:51:20.097736" end-time="2024-03-18 12:51:20.098736" duration="0.001" asserts="0"><properties><property name="python-version" value="3.11.0 (main, Oct 24 2022, 18:26:48) [MSC v.1933 64 bit (AMD64)]" /><property name="fspath" value="todo_app/tests/test_view_model.py" /></properties><environment framework-version="3.6.2" clr-version="3.11.0 (main, Oct 24 2022, 18:26:48) [MSC v.1933 64 bit (AMD64)]" os-version="10" platform="Windows" cwd="C:\Work\Devops\exercise2\DevOps-Course-Starter" machine-name="AMD64" user="" user-domain="" culture="en_GB" uiculture="en_GB" os-architecture="64bit" /><failure><message><![CDATA[]]></message><stack-trace><![CDATA[None]]></stack-trace></failure><reason><message><![CDATA[]]></message></reason><output><![CDATA[]]></output></test-case><test-case id="101" name="todo_app/tests/test_view_model.py::test_view_model_todo_property" fullname="todo_app/tests/test_view_model.py::test_view_model_todo_property" methodname="test_view_model_todo_property" classname="todo_app/tests/test_view_model.py" runstate="Runnable" seed="1" result="Passed" label="" start-time="2024-03-18 12:51:20.098736" end-time="2024-03-18 12:51:20.099736" duration="0.001" asserts="0"><properties><property name="python-version" value="3.11.0 (main, Oct 24 2022, 18:26:48) [MSC v.1933 64 bit (AMD64)]" /><property name="fspath" value="todo_app/tests/test_view_model.py" /></properties><environment framework-version="3.6.2" clr-version="3.11.0 (main, Oct 24 2022, 18:26:48) [MSC v.1933 64 bit (AMD64)]" os-version="10" platform="Windows" cwd="C:\Work\Devops\exercise2\DevOps-Course-Starter" machine-name="AMD64" user="" user-domain="" culture="en_GB" uiculture="en_GB" os-architecture="64bit" /><failure><message><![CDATA[]]></message><stack-trace><![CDATA[None]]></stack-trace></failure><reason><message><![CDATA[]]></message></reason><output><![CDATA[]]></output></test-case><environment framework-version="3.6.2" clr-version="3.11.0 (main, Oct 24 2022, 18:26:48) [MSC v.1933 64 bit (AMD64)]" os-version="10" platform="Windows" cwd="C:\Work\Devops\exercise2\DevOps-Course-Starter" machine-name="AMD64" user="" user-domain="" culture="en_GB" uiculture="en_GB" os-architecture="64bit" /></test-suite></test-run>